{
  "level": "ERROR",
  "logger": "src.backend.create_app",
  "message": "Ошибка генерации get_place_info: Using MXFP4 quantized models requires a GPU",
  "time": "2025-08-08T19:11:56",
  "pathname": "D:\\github_projects\\aitravelling_ddd_structure\\src\\backend\\infrastructure\\services\\ai_service.py",
  "lineno": 60,
  "request_id": "f61a09a2-51a7-451d-b1df-c15c2f4b10f5",
  "user_id": null
}
{
  "level": "ERROR",
  "logger": "src.backend.create_app",
  "message": "Ошибка генерации get_place_info: Using MXFP4 quantized models requires a GPU",
  "time": "2025-08-09T17:07:01",
  "pathname": "D:\\github_projects\\aitravel\\src\\backend\\infrastructure\\services\\ai_service.py",
  "lineno": 60,
  "request_id": "71a84763-5178-457a-845b-5f114d38e9e4",
  "user_id": null
}
{
  "level": "ERROR",
  "logger": "src.backend.create_app",
  "message": "Ошибка генерации get_place_info: Using mxfp4 requires Accelerate: `pip install accelerate`",
  "time": "2025-08-09T17:43:05",
  "pathname": "D:\\github_projects\\aitravel\\src\\backend\\infrastructure\\services\\ai_service.py",
  "lineno": 60,
  "request_id": "9ab7a4a7-ea76-4cd6-8a11-449ec1cc7564",
  "user_id": null
}
{
  "level": "ERROR",
  "logger": "src.backend.create_app",
  "message": "Ошибка генерации get_place_info: Using mxfp4 requires Accelerate: `pip install accelerate`",
  "time": "2025-08-09T18:11:13",
  "pathname": "D:\\github_projects\\aitravel\\src\\backend\\infrastructure\\services\\ai_service.py",
  "lineno": 60,
  "request_id": "75ac4cb3-1dfd-4a85-b533-a06e6e90f6cf",
  "user_id": null
}
